{"name": "test_login_fail[chromium]", "status": "failed", "statusDetails": {"message": "AssertionError: assert 1 > 2", "trace": "app = <pages.app.Application object at 0x7fcd6833db20>\n\n    @pytest.mark.sanity\n    @pytest.mark.dev\n    def test_login_fail(app):\n        app.login_page.navigate().login_to_system(\n            user_email=os.environ.get('USER_NAME'),\n            user_pswd=os.environ.get('USER_PASSWORD')\n        )\n    \n>       assert 1 > 2\nE       assert 1 > 2\n\ntests.py:29: AssertionError"}, "steps": [{"name": "Navigate to Login Page", "status": "passed", "start": 1658933136014, "stop": 1658933137740}, {"name": "Log in with user: teslyaua@gmail.com", "status": "passed", "start": 1658933137740, "stop": 1658933141861}], "attachments": [{"source": "ef74db2b-6dbd-4fc5-8d5f-0cb926660614-attachment.png", "type": "image/png"}, {"name": "log", "source": "7417e9b7-72c2-4860-ba6f-599d0456ebc2-attachment.txt", "type": "text/plain"}], "parameters": [{"name": "browser_name", "value": "'chromium'"}], "start": 1658933136013, "stop": 1658933141862, "uuid": "25cc85c1-169c-470a-bbb7-66f8d817f115", "historyId": "82a7cb578a0d8a9e97913164af7b8133", "testCaseId": "e428378975d149f2747cde515396910b", "fullName": "tests.tests#test_login_fail", "labels": [{"name": "tag", "value": "dev"}, {"name": "tag", "value": "sanity"}, {"name": "parentSuite", "value": "tests"}, {"name": "suite", "value": "tests"}, {"name": "host", "value": "Iuriis-MacBook-Pro.local"}, {"name": "thread", "value": "97094-MainThread"}, {"name": "framework", "value": "pytest"}, {"name": "language", "value": "cpython3"}, {"name": "package", "value": "tests.tests"}]}