{"name": "test_login_fail[webkit]", "status": "failed", "statusDetails": {"message": "AssertionError: assert 1 > 2", "trace": "app = <pages.app.Application object at 0x7fcd30130730>\n\n    @pytest.mark.sanity\n    @pytest.mark.dev\n    def test_login_fail(app):\n        app.login_page.navigate().login_to_system(\n            user_email=os.environ.get('USER_NAME'),\n            user_pswd=os.environ.get('USER_PASSWORD')\n        )\n    \n>       assert 1 > 2\nE       assert 1 > 2\n\ntests.py:29: AssertionError"}, "steps": [{"name": "Navigate to Login Page", "status": "passed", "start": 1658933143192, "stop": 1658933144819}, {"name": "Log in with user: teslyaua@gmail.com", "status": "passed", "start": 1658933144819, "stop": 1658933148478}], "attachments": [{"source": "3cba4f6b-59e4-450d-8b5a-3da9e34a86c8-attachment.png", "type": "image/png"}, {"name": "log", "source": "29f66109-0681-4093-abb4-4db074c2716a-attachment.txt", "type": "text/plain"}], "parameters": [{"name": "browser_name", "value": "'webkit'"}], "start": 1658933143192, "stop": 1658933148478, "uuid": "0fb383a5-5b38-4ad8-80de-ea5d3d651931", "historyId": "25266dd48fe25ec0bedd706867922615", "testCaseId": "e428378975d149f2747cde515396910b", "fullName": "tests.tests#test_login_fail", "labels": [{"name": "tag", "value": "dev"}, {"name": "tag", "value": "sanity"}, {"name": "parentSuite", "value": "tests"}, {"name": "suite", "value": "tests"}, {"name": "host", "value": "Iuriis-MacBook-Pro.local"}, {"name": "thread", "value": "97094-MainThread"}, {"name": "framework", "value": "pytest"}, {"name": "language", "value": "cpython3"}, {"name": "package", "value": "tests.tests"}]}